107ccada-fa9e-46fe-9ddf-c391f9a242b2 bess@toolbx:/var/mnt/bess3_gallant_bohr_replica/bess3 timestamp=1733493399.957703648s
1554539f-e89b-4fd5-9a00-d677b2d420f0 bess3-lobby timestamp=1736521931.606793366s
1554539f-e89b-4fd5-9a00-d677b2d420f0 bess3-lobby timestamp=1736956381.556666941s
1554539f-e89b-4fd5-9a00-d677b2d420f0 bess3-lobby timestamp=1736956830.628188483s
1af7ba9c-2664-4320-80fa-8ba442c64c74 bess@toolbx:/var/mnt/bess3_zen_babbage_main/bess3 timestamp=1737043997.410884361s
3544002b-c07f-4547-945c-2d32e9b0ecfa bess@toolbx:/var/mnt/bess3_musing_darwin_replica/bess3 timestamp=1733414991.702085083s
50a804a9-f269-4fb9-9de2-3c874a63f25e bess@toolbx:/var/mnt/bess3_goofy_lovelace_main/bess3 timestamp=1733414907.556502378s
511bebbe-e836-48e0-9c3e-873adabd2eeb bess@toolbx:/var/mnt/bess3_cranky_bose_replica/bess3 timestamp=1737044060.648939954s
52cb2195-d2a9-401e-ae90-9d0eed05669c bess@toolbx:~/recording timestamp=1733320398.252415562s
57c58c16-24f9-4fbe-a8fc-51d9e6351c82 bess@toolbx:/var/mnt/bess3_musing_darwin_main/bess3 timestamp=1733414972.321379975s
629eca7d-993f-40f9-881b-bc350b662267 bess@toolbx:/var/mnt/bess3_zen_babbage_replica/bess3 timestamp=1737044015.874279851s
6573bcd5-ecc8-4c3b-9b3e-0650ec70f3e4 bess@toolbx:/var/mnt/bess3_sharp_darwin_replica/bess3 timestamp=1733493368.232842118s
69d235d3-1779-4449-b806-4a906ff735e0 bess@toolbx:/var/mnt/bess3_goofy_lovelace_replica/bess3 timestamp=1733414930.618148091s
71923153-c58c-46d6-9e93-dec0f1f8689b bess@toolbx:/var/mnt/bess3_jolly_noether_main/bess3 timestamp=1733416695.065010547s
7852fe1b-0fd3-41a7-8e7b-ed2d8393010c bess@toolbx:/var/mnt/bess3_hardcore_goldberg_replica/bess3 timestamp=1733320480.883187338s
891a0755-69e7-4c31-b8c3-831db9a30001 bess@toolbx:/var/mnt/bess3_jolly_noether_replica/bess3 timestamp=1733416719.30997521s
aecbbd3b-bcce-4b68-a065-38b8a273fda4 bess@toolbx:/var/mnt/bess3_gallant_bohr_main/bess3 timestamp=1733493390.099778953s
b97d1e66-044f-4bef-94d6-5022edb8b8a2 bess@toolbx:/var/mnt/bess3_cranky_bose_main/bess3 timestamp=1737044046.346453132s
baffc67b-c73b-42e6-8049-be67cb821d58 bess@toolbx:/var/mnt/bess3_hardcore_goldberg_main/bess3 timestamp=1733320467.708284218s
c2c02e55-1504-4059-9055-9ae7e6c8d7da bess3 recorded bags timestamp=1732724853.811770996s
d3ab43a6-f7cd-4e8f-8728-a0dcfce27de0 bess@toolbx:/var/mnt/bess3_sharp_darwin_main/bess3 timestamp=1733493357.001375806s
dc04378f-8627-41ad-a0fb-8ab22edecbe6 bess@toolbx:/var/mnt/bess3_strange_hilbert_main/bess3 timestamp=1733416746.439097248s
e98b6f86-56e9-4b1b-a85d-b2a4b7432852 bess@toolbx:/var/mnt/bess3_strange_hilbert_replica/bess3 timestamp=1733416770.230294585s
